This is LuaHBTeX, Version 1.17.0 (TeX Live 2023)  (format=lualatex 2023.9.23)  9 DEC 2023 21:13
 restricted system commands enabled.
**V105.tex
(./V105.tex
LaTeX2e <2023-06-01> patch level 1
L3 programming layer <2023-08-29>
Lua module: luaotfload 2023-08-31 3.26 Lua based OpenType font support
Lua module: lualibs 2023-07-13 2.76 ConTeXt Lua standard libraries.
Lua module: lualibs-extended 2023-07-13 2.76 ConTeXt Lua libraries -- extended c
ollection.
luaotfload | conf : Root cache directory is "/home/abea/.local/texlive/2023/texm
f-var/luatex-cache/generic/names".
luaotfload | init : Loading fontloader "fontloader-2023-08-19.lua" from kpse-res
olved path "/home/abea/.local/texlive/2023/texmf-dist/tex/luatex/luaotfload/font
loader-2023-08-19.lua".
Lua-only attribute luaotfload@noligature = 1
luaotfload | init : Context OpenType loader version 3.133
Inserting `luaotfload.node_processor' in `pre_linebreak_filter'.
Inserting `luaotfload.node_processor' in `hpack_filter'.
Inserting `luaotfload.glyph_stream' in `glyph_stream_provider'.
Inserting `luaotfload.define_font' in `define_font'.
Lua-only attribute luaotfload_color_attribute = 2
luaotfload | conf : Root cache directory is "/home/abea/.local/texlive/2023/texm
f-var/luatex-cache/generic/names".
Inserting `luaotfload.harf.strip_prefix' in `find_opentype_file'.
Inserting `luaotfload.harf.strip_prefix' in `find_truetype_file'.
Removing  `luaotfload.glyph_stream' from `glyph_stream_provider'.
Inserting `luaotfload.harf.glyphstream' in `glyph_stream_provider'.
Inserting `luaotfload.harf.finalize_vlist' in `post_linebreak_filter'.
Inserting `luaotfload.harf.finalize_hlist' in `hpack_filter'.
Inserting `luaotfload.cleanup_files' in `wrapup_run'.
Inserting `luaotfload.harf.finalize_unicode' in `finish_pdffile'.
Inserting `luaotfload.glyphinfo' in `glyph_info'.
Lua-only attribute luaotfload.letterspace_done = 3
Inserting `luaotfload.aux.set_sscale_dimens' in `luaotfload.patch_font'.
Inserting `luaotfload.aux.set_font_index' in `luaotfload.patch_font'.
Inserting `luaotfload.aux.patch_cambria_domh' in `luaotfload.patch_font'.
Inserting `luaotfload.aux.fixup_fontdata' in `luaotfload.patch_font_unsafe'.
Inserting `luaotfload.aux.set_capheight' in `luaotfload.patch_font'.
Inserting `luaotfload.aux.set_xheight' in `luaotfload.patch_font'.
Inserting `luaotfload.rewrite_fontname' in `luaotfload.patch_font'.
Inserting `tracingstacklevels' in `input_level_string'. (./header.tex
(/home/abea/.local/texlive/2023/texmf-dist/tex/latex/koma-script/scrartcl.cls
Document Class: scrartcl 2023/07/07 v3.41 KOMA-Script document class (article)
(/home/abea/.local/texlive/2023/texmf-dist/tex/latex/koma-script/scrkbase.sty
Package: scrkbase 2023/07/07 v3.41 KOMA-Script package (KOMA-Script-dependent b
asics and keyval usage)

(/home/abea/.local/texlive/2023/texmf-dist/tex/latex/koma-script/scrbase.sty
Package: scrbase 2023/07/07 v3.41 KOMA-Script package (KOMA-Script-independent 
basics and keyval usage)

(/home/abea/.local/texlive/2023/texmf-dist/tex/latex/koma-script/scrlfile.sty
Package: scrlfile 2023/07/07 v3.41 KOMA-Script package (file load hooks)

(/home/abea/.local/texlive/2023/texmf-dist/tex/latex/koma-script/scrlfile-hook.
sty
Package: scrlfile-hook 2023/07/07 v3.41 KOMA-Script package (using LaTeX hooks)


(/home/abea/.local/texlive/2023/texmf-dist/tex/latex/koma-script/scrlogo.sty
Package: scrlogo 2023/07/07 v3.41 KOMA-Script package (logo)
))) (/home/abea/.local/texlive/2023/texmf-dist/tex/latex/graphics/keyval.sty
Package: keyval 2022/05/29 v1.15 key=value parser (DPC)
\KV@toks@=\toks17
)
Applying: [2021/05/01] Usage of raw or classic option list on input line 252.
Already applied: [0000/00/00] Usage of raw or classic option list on input line
 368.
))
(/home/abea/.local/texlive/2023/texmf-dist/tex/latex/koma-script/tocbasic.sty
Package: tocbasic 2023/07/07 v3.41 KOMA-Script package (handling toc-files)
\scr@dte@tocline@numberwidth=\skip48
\scr@dte@tocline@numbox=\box51
)
Package tocbasic Info: omitting babel extension for `toc'
(tocbasic)             because of feature `nobabel' available
(tocbasic)             for `toc' on input line 133.
Class scrartcl Info: File `scrsize11pt.clo' used instead of
(scrartcl)           file `scrsize11.clo' to setup font sizes on input line 244
1.

(/home/abea/.local/texlive/2023/texmf-dist/tex/latex/koma-script/scrsize11pt.cl
o
File: scrsize11pt.clo 2023/07/07 v3.41 KOMA-Script font size class option (11pt
)
luaotfload | db : Font names database loaded from /home/abea/.local/texlive/2023
/texmf-var/luatex-cache/generic/names/luaotfload-names.luc.gz)
(/home/abea/.local/texlive/2023/texmf-dist/tex/latex/koma-script/typearea.sty
Package: typearea 2023/07/07 v3.41 KOMA-Script package (type area)
\ta@bcor=\skip49
\ta@div=\count183
\ta@hblk=\skip50
\ta@vblk=\skip51
\ta@temp=\skip52
\footheight=\skip53
Package typearea Info: These are the values describing the layout:
(typearea)             DIV  = 10
(typearea)             BCOR = 0.0pt
(typearea)             \paperwidth      = 597.50793pt
(typearea)              \textwidth      = 418.25555pt
(typearea)              DIV departure   = -6%
(typearea)              \evensidemargin = 17.3562pt
(typearea)              \oddsidemargin  = 17.3562pt
(typearea)             \paperheight     = 845.04694pt
(typearea)              \textheight     = 595.80026pt
(typearea)              \topmargin      = -25.16531pt
(typearea)              \headheight     = 17.0pt
(typearea)              \headsep        = 20.40001pt
(typearea)              \topskip        = 11.0pt
(typearea)              \footskip       = 47.6pt
(typearea)              \baselineskip   = 13.6pt
(typearea)              on input line 1799.
)
\c@part=\count184
\c@section=\count185
\c@subsection=\count186
\c@subsubsection=\count187
\c@paragraph=\count188
\c@subparagraph=\count189
\scr@dte@section@maxnumwidth=\skip54
Class scrartcl Info: using compatibility default `runin=bysign'
(scrartcl)           for `\section on input line 5082.
Class scrartcl Info: using compatibility default `afterindent=bysign'
(scrartcl)           for `\section on input line 5082.
\scr@dte@part@maxnumwidth=\skip55
Class scrartcl Info: using compatibility default `afterindent=false'
(scrartcl)           for `\part on input line 5090.
\scr@dte@subsection@maxnumwidth=\skip56
Class scrartcl Info: using compatibility default `runin=bysign'
(scrartcl)           for `\subsection on input line 5100.
Class scrartcl Info: using compatibility default `afterindent=bysign'
(scrartcl)           for `\subsection on input line 5100.
\scr@dte@subsubsection@maxnumwidth=\skip57
Class scrartcl Info: using compatibility default `runin=bysign'
(scrartcl)           for `\subsubsection on input line 5110.
Class scrartcl Info: using compatibility default `afterindent=bysign'
(scrartcl)           for `\subsubsection on input line 5110.
\scr@dte@paragraph@maxnumwidth=\skip58
Class scrartcl Info: using compatibility default `runin=bysign'
(scrartcl)           for `\paragraph on input line 5121.
Class scrartcl Info: using compatibility default `afterindent=bysign'
(scrartcl)           for `\paragraph on input line 5121.
\scr@dte@subparagraph@maxnumwidth=\skip59
Class scrartcl Info: using compatibility default `runin=bysign'
(scrartcl)           for `\subparagraph on input line 5131.
Class scrartcl Info: using compatibility default `afterindent=bysign'
(scrartcl)           for `\subparagraph on input line 5131.
\abovecaptionskip=\skip60
\belowcaptionskip=\skip61
\c@pti@nb@sid@b@x=\box52
Package tocbasic Info: omitting babel extension for `lof'
(tocbasic)             because of feature `nobabel' available
(tocbasic)             for `lof' on input line 6309.
\scr@dte@figure@maxnumwidth=\skip62
\c@figure=\count190
Package tocbasic Info: omitting babel extension for `lot'
(tocbasic)             because of feature `nobabel' available
(tocbasic)             for `lot' on input line 6325.
\scr@dte@table@maxnumwidth=\skip63
\c@table=\count191
Class scrartcl Info: Redefining `\numberline' on input line 6495.
\bibindent=\dimen139
) (/home/abea/.local/texlive/2023/texmf-dist/tex/latex/koma-script/scrhack.sty
Package: scrhack 2023/07/07 v3.41 KOMA-Script package (hacking other packages)

(/home/abea/.local/texlive/2023/texmf-dist/tex/latex/xpatch/xpatch.sty
(/home/abea/.local/texlive/2023/texmf-dist/tex/latex/l3kernel/expl3.sty
Package: expl3 2023-08-29 L3 programming layer (loader) 

(/home/abea/.local/texlive/2023/texmf-dist/tex/latex/l3backend/l3backend-luatex
.def
File: l3backend-luatex.def 2023-04-19 L3 backend support: PDF output (LuaTeX)
\l__color_backend_stack_int=\count192
Inserting `l3color' in `luaotfload.parse_color'.
\l__pdf_internal_box=\box53
))
Package: xpatch 2020/03/25 v0.3a Extending etoolbox patching commands

(/home/abea/.local/texlive/2023/texmf-dist/tex/latex/l3packages/xparse/xparse.s
ty
Package: xparse 2023-08-29 L3 Experimental document command parser
) (/home/abea/.local/texlive/2023/texmf-dist/tex/latex/etoolbox/etoolbox.sty
Package: etoolbox 2020/10/05 v2.5k e-TeX tools for LaTeX (JAW)
\etb@tempcnta=\count193
)))
(/home/abea/.local/texlive/2023/texmf-dist/tex/latex/rerunfilecheck/rerunfilech
eck.sty
Package: rerunfilecheck 2022-07-10 v1.10 Rerun checks for auxiliary files (HO)

(/home/abea/.local/texlive/2023/texmf-dist/tex/latex/kvoptions/kvoptions.sty
Package: kvoptions 2022-06-15 v3.15 Key value format for package options (HO)

(/home/abea/.local/texlive/2023/texmf-dist/tex/generic/ltxcmds/ltxcmds.sty
Package: ltxcmds 2020-05-10 v1.25 LaTeX kernel commands for general use (HO)
)
(/home/abea/.local/texlive/2023/texmf-dist/tex/latex/kvsetkeys/kvsetkeys.sty
Package: kvsetkeys 2022-10-05 v1.19 Key value parser (HO)
))
(/home/abea/.local/texlive/2023/texmf-dist/tex/generic/infwarerr/infwarerr.sty
Package: infwarerr 2019/12/03 v1.5 Providing info/warning/error messages (HO)
)
(/home/abea/.local/texlive/2023/texmf-dist/tex/generic/pdftexcmds/pdftexcmds.st
y
Package: pdftexcmds 2020-06-27 v0.33 Utility functions of pdfTeX for LuaTeX (HO
)
 (/home/abea/.local/texlive/2023/texmf-dist/tex/generic/iftex/iftex.sty
Package: iftex 2022/02/03 v1.0f TeX engine tests
)
Package pdftexcmds Info: \pdf@primitive is available.
Package pdftexcmds Info: \pdf@ifprimitive is available.
Package pdftexcmds Info: \pdfdraftmode found.
\pdftexcmds@toks=\toks18
)
(/home/abea/.local/texlive/2023/texmf-dist/tex/latex/base/atveryend-ltx.sty
Package: atveryend-ltx 2020/08/19 v1.0a Emulation of the original atveryend pac
kage
with kernel methods
)
(/home/abea/.local/texlive/2023/texmf-dist/tex/generic/uniquecounter/uniquecoun
ter.sty
Package: uniquecounter 2019/12/15 v1.4 Provide unlimited unique counter (HO)

(/home/abea/.local/texlive/2023/texmf-dist/tex/generic/bigintcalc/bigintcalc.st
y
Package: bigintcalc 2019/12/15 v1.5 Expandable calculations on big integers (HO
)
))
Package uniquecounter Info: New unique counter `rerunfilecheck' on input line 2
85.
) (/home/abea/.local/texlive/2023/texmf-dist/tex/latex/amsmath/amsmath.sty
Package: amsmath 2023/05/13 v2.17o AMS math features
\@mathmargin=\skip64

For additional information on amsmath, use the `?' option.
(/home/abea/.local/texlive/2023/texmf-dist/tex/latex/amsmath/amstext.sty
Package: amstext 2021/08/26 v2.01 AMS text

(/home/abea/.local/texlive/2023/texmf-dist/tex/latex/amsmath/amsgen.sty
File: amsgen.sty 1999/11/30 v2.0 generic functions
\@emptytoks=\toks19
\ex@=\dimen140
))
(/home/abea/.local/texlive/2023/texmf-dist/tex/latex/amsmath/amsbsy.sty
Package: amsbsy 1999/11/29 v1.2d Bold Symbols
\pmbraise@=\dimen141
)
(/home/abea/.local/texlive/2023/texmf-dist/tex/latex/amsmath/amsopn.sty
Package: amsopn 2022/04/08 v2.04 operator names
)
\inf@bad=\count194
LaTeX Info: Redefining \frac on input line 236.
\uproot@=\count195
\leftroot@=\count196
LaTeX Info: Redefining \overline on input line 399.
LaTeX Info: Redefining \colon on input line 410.
\classnum@=\count197
\DOTSCASE@=\count198
LaTeX Info: Redefining \ldots on input line 496.
LaTeX Info: Redefining \dots on input line 499.
LaTeX Info: Redefining \cdots on input line 620.
\Mathstrutbox@=\box54
\strutbox@=\box55
LaTeX Info: Redefining \big on input line 722.
LaTeX Info: Redefining \Big on input line 723.
LaTeX Info: Redefining \bigg on input line 724.
LaTeX Info: Redefining \Bigg on input line 725.
\big@size=\dimen142
LaTeX Font Info:    Redeclaring font encoding OML on input line 743.
LaTeX Font Info:    Redeclaring font encoding OMS on input line 744.
\macc@depth=\count199
LaTeX Info: Redefining \bmod on input line 905.
LaTeX Info: Redefining \pmod on input line 910.
LaTeX Info: Redefining \smash on input line 940.
LaTeX Info: Redefining \relbar on input line 970.
LaTeX Info: Redefining \Relbar on input line 971.
\c@MaxMatrixCols=\count266
\dotsspace@=\muskip16
\c@parentequation=\count267
\dspbrk@lvl=\count268
\tag@help=\toks20
\row@=\count269
\column@=\count270
\maxfields@=\count271
\andhelp@=\toks21
\eqnshift@=\dimen143
\alignsep@=\dimen144
\tagshift@=\dimen145
\tagwidth@=\dimen146
\totwidth@=\dimen147
\lineht@=\dimen148
\@envbody=\toks22
\multlinegap=\skip65
\multlinetaggap=\skip66
\mathdisplay@stack=\toks23
LaTeX Info: Redefining \[ on input line 2953.
LaTeX Info: Redefining \] on input line 2954.
)
(/home/abea/.local/texlive/2023/texmf-dist/tex/latex/amsfonts/amssymb.sty
Package: amssymb 2013/01/14 v3.01 AMS font symbols

(/home/abea/.local/texlive/2023/texmf-dist/tex/latex/amsfonts/amsfonts.sty
Package: amsfonts 2013/01/14 v3.01 Basic AMSFonts support
\symAMSa=\mathgroup4
\symAMSb=\mathgroup5
LaTeX Font Info:    Redeclaring math symbol \hbar on input line 98.
LaTeX Font Info:    Overwriting math alphabet `\mathfrak' in version `bold'
(Font)                  U/euf/m/n --> U/euf/b/n on input line 106.
))
(/home/abea/.local/texlive/2023/texmf-dist/tex/latex/mathtools/mathtools.sty
Package: mathtools 2022/06/29 v1.29 mathematical typesetting tools

(/home/abea/.local/texlive/2023/texmf-dist/tex/latex/tools/calc.sty
Package: calc 2017/05/25 v4.3 Infix arithmetic (KKT,FJ)
\calc@Acount=\count272
\calc@Bcount=\count273
\calc@Adimen=\dimen149
\calc@Bdimen=\dimen150
\calc@Askip=\skip67
\calc@Bskip=\skip68
LaTeX Info: Redefining \setlength on input line 80.
LaTeX Info: Redefining \addtolength on input line 81.
\calc@Ccount=\count274
\calc@Cskip=\skip69
)
(/home/abea/.local/texlive/2023/texmf-dist/tex/latex/mathtools/mhsetup.sty
Package: mhsetup 2021/03/18 v1.4 programming setup (MH)
)
\g_MT_multlinerow_int=\count275
\l_MT_multwidth_dim=\dimen151
\origjot=\skip70
\l_MT_shortvdotswithinadjustabove_dim=\dimen152
\l_MT_shortvdotswithinadjustbelow_dim=\dimen153
\l_MT_above_intertext_sep=\dimen154
\l_MT_below_intertext_sep=\dimen155
\l_MT_above_shortintertext_sep=\dimen156
\l_MT_below_shortintertext_sep=\dimen157
\xmathstrut@box=\box56
\xmathstrut@dim=\dimen158
)
(/home/abea/.local/texlive/2023/texmf-dist/tex/latex/fontspec/fontspec.sty
Package: fontspec 2022/01/15 v2.8a Font selection for XeLaTeX and LuaLaTeX
Lua module: fontspec 2022/01/15 2.8a Font selection for XeLaTeX and LuaLaTeX
(/home/abea/.local/texlive/2023/texmf-dist/tex/latex/fontspec/fontspec-luatex.s
ty
Package: fontspec-luatex 2022/01/15 v2.8a Font selection for XeLaTeX and LuaLaT
eX
\l__fontspec_script_int=\count276
\l__fontspec_language_int=\count277
\l__fontspec_strnum_int=\count278
\l__fontspec_tmp_int=\count279
\l__fontspec_tmpa_int=\count280
\l__fontspec_tmpb_int=\count281
\l__fontspec_tmpc_int=\count282
\l__fontspec_em_int=\count283
\l__fontspec_emdef_int=\count284
\l__fontspec_strong_int=\count285
\l__fontspec_strongdef_int=\count286
\l__fontspec_tmpa_dim=\dimen159
\l__fontspec_tmpb_dim=\dimen160
\l__fontspec_tmpc_dim=\dimen161
 (/home/abea/.local/texlive/2023/texmf-dist/tex/latex/base/fontenc.sty
Package: fontenc 2021/04/29 v2.0v Standard LaTeX package
)
(/home/abea/.local/texlive/2023/texmf-dist/tex/latex/fontspec/fontspec.cfg)))
Package typearea Info: These are the values describing the layout:
(typearea)             DIV  = 10
(typearea)             BCOR = 0.0pt
(typearea)             \paperwidth      = 597.50793pt
(typearea)              \textwidth      = 418.25555pt
(typearea)              DIV departure   = -6%
(typearea)              \evensidemargin = 17.3562pt
(typearea)              \oddsidemargin  = 17.3562pt
(typearea)             \paperheight     = 845.04694pt
(typearea)              \textheight     = 595.80026pt
(typearea)              \topmargin      = -25.16531pt
(typearea)              \headheight     = 17.0pt
(typearea)              \headsep        = 20.40001pt
(typearea)              \topskip        = 11.0pt
(typearea)              \footskip       = 47.6pt
(typearea)              \baselineskip   = 13.6pt
(typearea)              on input line 30.

(/home/abea/.local/texlive/2023/texmf-dist/tex/generic/babel/babel.sty
Package: babel 2023/09/12 v3.94 The Babel package

(/home/abea/.local/texlive/2023/texmf-dist/tex/generic/babel/luababel.def
\bbl@readstream=\read2
\l@dumylang=\language2
Package babel Info: Non-standard hyphenation setup on input line 118.
\l@nohyphenation=\language3
\l@vietnamese=\language4
\l@hebrew=\language5
\l@german-x-2023-03-06=\language6
\l@ngerman-x-2023-03-06=\language7
\l@afrikaans=\language8
\l@ancientgreek=\language9
\l@ibycus=\language10
\l@arabic=\language11
\l@armenian=\language12
\l@basque=\language13
\l@belarusian=\language14
\l@bulgarian=\language15
\l@catalan=\language16
\l@pinyin=\language17
\l@churchslavonic=\language18
\l@coptic=\language19
\l@croatian=\language20
\l@czech=\language21
\l@danish=\language22
\l@dutch=\language23
\l@ukenglish=\language24
\l@usenglishmax=\language25
\l@esperanto=\language26
\l@estonian=\language27
\l@ethiopic=\language28
\l@farsi=\language29
\l@finnish=\language30
\l@schoolfinnish=\language31
\l@french=\language32
\l@friulan=\language33
\l@galician=\language34
\l@georgian=\language35
\l@german=\language36
\l@ngerman=\language37
\l@swissgerman=\language38
\l@greek=\language39
\l@monogreek=\language40
\l@hungarian=\language41
\l@icelandic=\language42
\l@assamese=\language43
\l@bengali=\language44
\l@gujarati=\language45
\l@hindi=\language46
\l@kannada=\language47
\l@malayalam=\language48
\l@marathi=\language49
\l@oriya=\language50
\l@pali=\language51
\l@panjabi=\language52
\l@tamil=\language53
\l@telugu=\language54
\l@indonesian=\language55
\l@interlingua=\language56
\l@irish=\language57
\l@italian=\language58
\l@kurmanji=\language59
\l@classiclatin=\language60
\l@latin=\language61
\l@liturgicallatin=\language62
\l@latvian=\language63
\l@lithuanian=\language64
\l@macedonian=\language65
\l@mongolian=\language66
\l@mongolianlmc=\language67
\l@bokmal=\language68
\l@nynorsk=\language69
\l@occitan=\language70
\l@piedmontese=\language71
\l@polish=\language72
\l@portuguese=\language73
\l@romanian=\language74
\l@romansh=\language75
\l@russian=\language76
\l@sanskrit=\language77
\l@serbian=\language78
\l@serbianc=\language79
\l@slovak=\language80
\l@slovenian=\language81
\l@spanish=\language82
\l@swedish=\language83
\l@thai=\language84
\l@turkish=\language85
\l@turkmen=\language86
\l@ukrainian=\language87
\l@uppersorbian=\language88
\l@welsh=\language89
\babelcatcodetablenum=\catcodetable14
\bbl@pattcodes=\catcodetable15
)
\babel@savecnt=\count287
\U@D=\dimen162
\l@unhyphenated=\language90

(/home/abea/.local/texlive/2023/texmf-dist/tex/generic/babel/luababel.def
\bbl@attr@locale=\attribute4
)
(/home/abea/.local/texlive/2023/texmf-dist/tex/generic/babel-german/ngerman.ldf
Language: ngerman 2021/02/27 v2.13 German support for babel (post-1996 orthogra
phy)

(/home/abea/.local/texlive/2023/texmf-dist/tex/generic/babel-german/ngermanb.ld
f
Language: ngermanb 2021/02/27 v2.13 German support for babel (post-1996 orthogr
aphy)
Package babel Info: Making " an active character on input line 122.

(/home/abea/.local/texlive/2023/texmf-dist/tex/generic/hyph-utf8/loadhyph/loadh
yph-de-1996.tex UTF-8 German hyphenation patterns (reformed orthography)
(/home/abea/.local/texlive/2023/texmf-dist/tex/generic/hyph-utf8/patterns/tex/h
yph-de-1996.tex
German Hyphenation Patterns (Reformed Orthography, 2006) `dehyphn-x' 2021-02-26
 (WL))))))
(/home/abea/.local/texlive/2023/texmf-dist/tex/generic/babel/locale/de/babel-ng
erman.tex
Package babel Info: Importing font and identification data for ngerman
(babel)             from babel-de.ini. Reported on input line 11.
)
(/home/abea/.local/texlive/2023/texmf-dist/tex/latex/unicode-math/unicode-math.
sty
Package: unicode-math 2023/08/13 v0.8r Unicode maths in XeLaTeX and LuaLaTeX

(/home/abea/.local/texlive/2023/texmf-dist/tex/latex/unicode-math/unicode-math-
luatex.sty
Package: unicode-math-luatex 2023/08/13 v0.8r Unicode maths in XeLaTeX and LuaL
aTeX

(/home/abea/.local/texlive/2023/texmf-dist/tex/latex/l3packages/l3keys2e/l3keys
2e.sty
Package: l3keys2e 2023-08-29 LaTeX2e option processing using LaTeX3 keys
) (/home/abea/.local/texlive/2023/texmf-dist/tex/latex/base/fix-cm.sty
Package: fix-cm 2020/11/24 v1.1t fixes to LaTeX

(/home/abea/.local/texlive/2023/texmf-dist/tex/latex/base/ts1enc.def
File: ts1enc.def 2001/06/05 v3.0e (jk/car/fm) Standard LaTeX file
LaTeX Font Info:    Redeclaring font encoding TS1 on input line 47.
))
(/home/abea/.local/texlive/2023/texmf-dist/tex/lualatex/lualatex-math/lualatex-
math.sty
Package: lualatex-math 2022/01/01 v1.12 Patches for mathematics typesetting wit
h LuaLaTeX
Lua module: lualatex-math 2013/08/03 1.3 Patches for mathematics typesetting wit
h LuaLaTeX)
\g__um_fam_int=\count288
\g__um_fonts_used_int=\count289
\l__um_primecount_int=\count290
\g__um_primekern_muskip=\muskip17

(/home/abea/.local/texlive/2023/texmf-dist/tex/latex/unicode-math/unicode-math-
table.tex)))
luaotfload | cache : Lookup cache loaded from /home/abea/.local/texlive/2023/tex
mf-var/luatex-cache/generic/names/luaotfload-lookup-cache.luc.

Package fontspec Info: Could not resolve font "LatinModernMath/B" (it probably
(fontspec)             doesn't exist).


Package fontspec Info: Font family 'LatinModernMath(0)' created for font
(fontspec)             'Latin Modern Math' with options
(fontspec)             [Renderer=Basic,BoldItalicFont={},ItalicFont={},SmallCap
sFont={},Script=Math,RawFeature={mathfontdimen=xetex}].
(fontspec)              
(fontspec)              This font family consists of the following NFSS
(fontspec)             series/shapes:
(fontspec)              
(fontspec)             - 'normal' (m/n) with NFSS spec.:
(fontspec)             <->"LatinModernMath:mode=base;script=math;language=dflt;
mathfontdimen=xetex;"
(fontspec)             - 'small caps'  (m/sc) with NFSS spec.: 


Package fontspec Info: Could not resolve font "LatinModernMath/B" (it probably
(fontspec)             doesn't exist).


Package fontspec Info: Font family 'LatinModernMath(1)' created for font
(fontspec)             'Latin Modern Math' with options
(fontspec)             [Renderer=Basic,BoldItalicFont={},ItalicFont={},SmallCap
sFont={},Script=Math,SizeFeatures={{Size=9.3075-},{Size=6.57-9.3075,Font=Latin
(fontspec)             Modern Math,Style=MathScript},{Size=-6.57,Font=Latin
(fontspec)             Modern
(fontspec)             Math,Style=MathScriptScript}},RawFeature={mathfontdimen=
xetex}].
(fontspec)              
(fontspec)              This font family consists of the following NFSS
(fontspec)             series/shapes:
(fontspec)              
(fontspec)             - 'normal' (m/n) with NFSS spec.:
(fontspec)             <9.3075->"LatinModernMath:mode=base;script=math;language
=dflt;mathfontdimen=xetex;"<6.57-9.3075>"LatinModernMath:mode=base;script=math;
language=dflt;mathfontdimen=xetex;+ssty=0;"<-6.57>"LatinModernMath:mode=base;sc
ript=math;language=dflt;mathfontdimen=xetex;+ssty=1;"
(fontspec)             - 'small caps'  (m/sc) with NFSS spec.: 

LaTeX Font Info:    Encoding `OT1' has changed to `TU' for symbol font
(Font)              `operators' in the math version `normal' on input line 53.
LaTeX Font Info:    Overwriting symbol font `operators' in version `normal'
(Font)                  OT1/cmr/m/n --> TU/LatinModernMath(1)/m/n on input line
 53.
LaTeX Font Info:    Encoding `OT1' has changed to `TU' for symbol font
(Font)              `operators' in the math version `bold' on input line 53.
LaTeX Font Info:    Overwriting symbol font `operators' in version `bold'
(Font)                  OT1/cmr/bx/n --> TU/LatinModernMath(1)/b/n on input lin
e 53.

Package fontspec Info: Could not resolve font "LatinModernMath/B" (it probably
(fontspec)             doesn't exist).


Package fontspec Info: Font family 'LatinModernMath(2)' created for font
(fontspec)             'Latin Modern Math' with options
(fontspec)             [Renderer=Basic,BoldItalicFont={},ItalicFont={},SmallCap
sFont={},Script=Math,SizeFeatures={{Size=9.3075-},{Size=6.57-9.3075,Font=Latin
(fontspec)             Modern Math,Style=MathScript},{Size=-6.57,Font=Latin
(fontspec)             Modern
(fontspec)             Math,Style=MathScriptScript}},RawFeature={mathfontdimen=
xetex},RawFeature={mathfontdimen=tex2}].
(fontspec)              
(fontspec)              This font family consists of the following NFSS
(fontspec)             series/shapes:
(fontspec)              
(fontspec)             - 'normal' (m/n) with NFSS spec.:
(fontspec)             <9.3075->"LatinModernMath:mode=base;script=math;language
=dflt;mathfontdimen=xetex;mathfontdimen=tex2;"<6.57-9.3075>"LatinModernMath:mod
e=base;script=math;language=dflt;mathfontdimen=xetex;mathfontdimen=tex2;+ssty=0
;"<-6.57>"LatinModernMath:mode=base;script=math;language=dflt;mathfontdimen=xet
ex;mathfontdimen=tex2;+ssty=1;"
(fontspec)             - 'small caps'  (m/sc) with NFSS spec.: 

LaTeX Font Info:    Encoding `OMS' has changed to `TU' for symbol font
(Font)              `symbols' in the math version `normal' on input line 53.
LaTeX Font Info:    Overwriting symbol font `symbols' in version `normal'
(Font)                  OMS/cmsy/m/n --> TU/LatinModernMath(2)/m/n on input lin
e 53.
LaTeX Font Info:    Encoding `OMS' has changed to `TU' for symbol font
(Font)              `symbols' in the math version `bold' on input line 53.
LaTeX Font Info:    Overwriting symbol font `symbols' in version `bold'
(Font)                  OMS/cmsy/b/n --> TU/LatinModernMath(2)/b/n on input lin
e 53.

Package fontspec Info: Could not resolve font "LatinModernMath/B" (it probably
(fontspec)             doesn't exist).


Package fontspec Info: Font family 'LatinModernMath(3)' created for font
(fontspec)             'Latin Modern Math' with options
(fontspec)             [Renderer=Basic,BoldItalicFont={},ItalicFont={},SmallCap
sFont={},Script=Math,SizeFeatures={{Size=9.3075-},{Size=6.57-9.3075,Font=Latin
(fontspec)             Modern Math,Style=MathScript},{Size=-6.57,Font=Latin
(fontspec)             Modern
(fontspec)             Math,Style=MathScriptScript}},RawFeature={mathfontdimen=
xetex},RawFeature={mathfontdimen=tex3}].
(fontspec)              
(fontspec)              This font family consists of the following NFSS
(fontspec)             series/shapes:
(fontspec)              
(fontspec)             - 'normal' (m/n) with NFSS spec.:
(fontspec)             <9.3075->"LatinModernMath:mode=base;script=math;language
=dflt;mathfontdimen=xetex;mathfontdimen=tex3;"<6.57-9.3075>"LatinModernMath:mod
e=base;script=math;language=dflt;mathfontdimen=xetex;mathfontdimen=tex3;+ssty=0
;"<-6.57>"LatinModernMath:mode=base;script=math;language=dflt;mathfontdimen=xet
ex;mathfontdimen=tex3;+ssty=1;"
(fontspec)             - 'small caps'  (m/sc) with NFSS spec.: 

LaTeX Font Info:    Encoding `OMX' has changed to `TU' for symbol font
(Font)              `largesymbols' in the math version `normal' on input line 5
3.
LaTeX Font Info:    Overwriting symbol font `largesymbols' in version `normal'
(Font)                  OMX/cmex/m/n --> TU/LatinModernMath(3)/m/n on input lin
e 53.
LaTeX Font Info:    Encoding `OMX' has changed to `TU' for symbol font
(Font)              `largesymbols' in the math version `bold' on input line 53.

LaTeX Font Info:    Overwriting symbol font `largesymbols' in version `bold'
(Font)                  OMX/cmex/m/n --> TU/LatinModernMath(3)/b/n on input lin
e 53.
LaTeX Font Info:    Trying to load font information for U+msa on input line 53.


(/home/abea/.local/texlive/2023/texmf-dist/tex/latex/amsfonts/umsa.fd
File: umsa.fd 2013/01/14 v3.01 AMS symbols A
)
LaTeX Font Info:    Trying to load font information for U+msb on input line 53.


(/home/abea/.local/texlive/2023/texmf-dist/tex/latex/amsfonts/umsb.fd
File: umsb.fd 2013/01/14 v3.01 AMS symbols B
)

Package fontspec Info: Font family 'XITSMath(0)' created for font 'XITS Math'
(fontspec)             with options
(fontspec)             [Renderer=Basic,BoldItalicFont={},ItalicFont={},SmallCap
sFont={},Script=Math,SizeFeatures={{Size=9.3075-},{Size=6.57-9.3075,Font=XITS
(fontspec)             Math,Style=MathScript},{Size=-6.57,Font=XITS
(fontspec)             Math,Style=MathScriptScript}},RawFeature={mathfontdimen=
xetex}].
(fontspec)              
(fontspec)              This font family consists of the following NFSS
(fontspec)             series/shapes:
(fontspec)              
(fontspec)             - 'normal' (m/n) with NFSS spec.:
(fontspec)             <9.3075->"XITSMath:mode=base;script=math;language=dflt;m
athfontdimen=xetex;"<6.57-9.3075>"XITSMath:mode=base;script=math;language=dflt;
mathfontdimen=xetex;+ssty=0;"<-6.57>"XITSMath:mode=base;script=math;language=df
lt;mathfontdimen=xetex;+ssty=1;"
(fontspec)             - 'small caps'  (m/sc) with NFSS spec.: 
(fontspec)             - 'bold' (b/n) with NFSS spec.:
(fontspec)             <->"XITSMath/B:mode=base;script=math;language=dflt;mathf
ontdimen=xetex;"
(fontspec)             - 'bold small caps'  (b/sc) with NFSS spec.: 

\sym__um_fam1=\mathgroup6
LaTeX Font Info:    Overwriting symbol font `__um_fam1' in version `normal'
(Font)                  TU/XITSMath(0)/m/n --> TU/XITSMath(0)/m/n on input line
 54.
LaTeX Font Info:    Overwriting symbol font `__um_fam1' in version `bold'
(Font)                  TU/XITSMath(0)/m/n --> TU/XITSMath(0)/b/n on input line
 54.

Package fontspec Info: Font family 'XITSMath(1)' created for font 'XITS Math'
(fontspec)             with options
(fontspec)             [Renderer=Basic,BoldItalicFont={},ItalicFont={},SmallCap
sFont={},Script=Math,SizeFeatures={{Size=9.3075-},{Size=6.57-9.3075,Font=XITS
(fontspec)             Math,Style=MathScript},{Size=-6.57,Font=XITS
(fontspec)             Math,Style=MathScriptScript}},RawFeature={mathfontdimen=
xetex},StylisticSet={1}].
(fontspec)              
(fontspec)              This font family consists of the following NFSS
(fontspec)             series/shapes:
(fontspec)              
(fontspec)             - 'normal' (m/n) with NFSS spec.:
(fontspec)             <9.3075->"XITSMath:mode=base;script=math;language=dflt;m
athfontdimen=xetex;+ss01;"<6.57-9.3075>"XITSMath:mode=base;script=math;language
=dflt;mathfontdimen=xetex;+ss01;+ssty=0;"<-6.57>"XITSMath:mode=base;script=math
;language=dflt;mathfontdimen=xetex;+ss01;+ssty=1;"
(fontspec)             - 'small caps'  (m/sc) with NFSS spec.: 
(fontspec)             - 'bold' (b/n) with NFSS spec.:
(fontspec)             <->"XITSMath/B:mode=base;script=math;language=dflt;mathf
ontdimen=xetex;+ss01;"
(fontspec)             - 'bold small caps'  (b/sc) with NFSS spec.: 

\sym__um_fam2=\mathgroup7
LaTeX Font Info:    Overwriting symbol font `__um_fam2' in version `normal'
(Font)                  TU/XITSMath(1)/m/n --> TU/XITSMath(1)/m/n on input line
 55.
LaTeX Font Info:    Overwriting symbol font `__um_fam2' in version `bold'
(Font)                  TU/XITSMath(1)/m/n --> TU/XITSMath(1)/b/n on input line
 55.

(/home/abea/.local/texlive/2023/texmf-dist/tex/latex/siunitx/siunitx.sty
Package: siunitx 2023-09-01 v3.3.6 A comprehensive (SI) units package
\l__siunitx_number_uncert_offset_int=\count291
\l__siunitx_number_exponent_fixed_int=\count292
\l__siunitx_number_min_decimal_int=\count293
\l__siunitx_number_min_integer_int=\count294
\l__siunitx_number_round_precision_int=\count295
\l__siunitx_number_lower_threshold_int=\count296
\l__siunitx_number_upper_threshold_int=\count297
\l__siunitx_number_group_first_int=\count298
\l__siunitx_number_group_size_int=\count299
\l__siunitx_number_group_minimum_int=\count300
\l__siunitx_angle_tmp_dim=\dimen163
\l__siunitx_angle_marker_box=\box57
\l__siunitx_angle_unit_box=\box58
\l__siunitx_compound_count_int=\count301

(/home/abea/.local/texlive/2023/texmf-dist/tex/latex/translations/translations.
sty
Package: translations 2022/02/05 v1.12 internationalization of LaTeX2e packages
 (CN)
)
\l__siunitx_table_tmp_box=\box59
\l__siunitx_table_tmp_dim=\dimen164
\l__siunitx_table_column_width_dim=\dimen165
\l__siunitx_table_integer_box=\box60
\l__siunitx_table_decimal_box=\box61
\l__siunitx_table_uncert_box=\box62
\l__siunitx_table_before_box=\box63
\l__siunitx_table_after_box=\box64
\l__siunitx_table_before_dim=\dimen166
\l__siunitx_table_carry_dim=\dimen167
\l__siunitx_unit_tmp_int=\count302
\l__siunitx_unit_position_int=\count303
\l__siunitx_unit_total_int=\count304

Package siunitx Info: Option "separate-uncertainty" has been deprecated in
(siunitx)             this release.
(siunitx)             
(siunitx)             Use "uncertainty-mode = separate" as a replacement.


Package siunitx Info: Option "per-mode = symbol-or-fraction" has been
(siunitx)             deprecated in this release.
(siunitx)             
(siunitx)             Use "display-per-mode = fraction, inline-per-mode =
(siunitx)             symbol" as a replacement.


Package siunitx Info: Option "per-mode = symbol-or-fraction" has been
(siunitx)             deprecated in this release.
(siunitx)             
(siunitx)             Use "display-per-mode = fraction, inline-per-mode =
(siunitx)             symbol" as a replacement.

 (/home/abea/.local/texlive/2023/texmf-dist/tex/latex/tools/array.sty
Package: array 2022/09/04 v2.5g Tabular extension package (FMi)
\col@sep=\dimen168
\ar@mcellbox=\box65
\extrarowheight=\dimen169
\NC@list=\toks24
\extratabsurround=\skip71
\backup@length=\skip72
\ar@cellbox=\box66
))
(/home/abea/.local/texlive/2023/texmf-dist/tex/latex/mhchem/mhchem.sty
Package: mhchem 2021/12/31 v4.09 for typesetting chemical formulae

(/home/abea/.local/texlive/2023/texmf-dist/tex/latex/chemgreek/chemgreek.sty
Package: chemgreek 2020/01/16 v1.1a interface for upright Greek letters for use
 in chemistry (CN)
\l__chemgreek_tmpa_int=\count305
\g__chemgreek_tmpa_int=\count306
)
(/home/abea/.local/texlive/2023/texmf-dist/tex/latex/graphics/graphics.sty
Package: graphics 2022/03/10 v1.4e Standard LaTeX Graphics (DPC,SPQR)

(/home/abea/.local/texlive/2023/texmf-dist/tex/latex/graphics/trig.sty
Package: trig 2021/08/11 v1.11 sin cos tan (DPC)
)
(/home/abea/.local/texlive/2023/texmf-dist/tex/latex/graphics-cfg/graphics.cfg
File: graphics.cfg 2016/06/04 v1.11 sample graphics configuration
)
Package graphics Info: Driver file: luatex.def on input line 107.
(/home/abea/.local/texlive/2023/texmf-dist/tex/latex/graphics-def/luatex.def
File: luatex.def 2022/09/22 v1.2d Graphics/color driver for luatex
))
\l__mhchem_ce_distanceFromLastComma_int=\count307
\__mhchem_arrow_extPgfLength_skip=\skip73
\mhchem@minispace@tmp=\skip74
\mhchem@minibackspace@tmp=\skip75
\mhchem@bondwidth=\skip76
\mhchem@bondheight=\skip77
\mhchem@smallbondwidth@tmpA=\skip78
\mhchem@smallbondwidth@tmpB=\skip79
\mhchem@smallbondwidth=\skip80
\mhchem@bondtmp@minussidebearingleft=\skip81
\mhchem@bondtmp@minussidebearingright=\skip82
\l__mhchem_option_version_int=\count308
\mhchem@option@minusmathsidebearingleft=\dimen170
\mhchem@option@minusmathsidebearingright=\dimen171
\mhchem@option@minustextsidebearingleft=\dimen172
\mhchem@option@minustextsidebearingright=\dimen173
) (/home/abea/.local/texlive/2023/texmf-dist/tex/latex/csquotes/csquotes.sty
Package: csquotes 2022-09-14 v5.2n context-sensitive quotations (JAW)
\csq@reset=\count309
\csq@gtype=\count310
\csq@glevel=\count311
\csq@qlevel=\count312
\csq@maxlvl=\count313
\csq@tshold=\count314
\csq@ltx@everypar=\toks25

(/home/abea/.local/texlive/2023/texmf-dist/tex/latex/csquotes/csquotes.def
File: csquotes.def 2022-09-14 v5.2n csquotes generic definitions (JAW)
)
Package csquotes Info: Trying to load configuration file 'csquotes.cfg'...
Package csquotes Info: ... configuration file loaded successfully.

(/home/abea/.local/texlive/2023/texmf-dist/tex/latex/csquotes/csquotes.cfg
File: csquotes.cfg 
)
Package csquotes Info: Enabling multilingual quotes.
)
(/home/abea/.local/texlive/2023/texmf-dist/tex/latex/l3packages/xfrac/xfrac.sty
(/home/abea/.local/texlive/2023/texmf-dist/tex/latex/graphics/graphicx.sty
Package: graphicx 2021/09/16 v1.2d Enhanced LaTeX Graphics (DPC,SPQR)
\Gin@req@height=\dimen174
\Gin@req@width=\dimen175
)
(/home/abea/.local/texlive/2023/texmf-dist/tex/latex/base/textcomp.sty
Package: textcomp 2020/02/02 v2.0n Standard LaTeX package
)
(/home/abea/.local/texlive/2023/texmf-dist/tex/latex/l3packages/xtemplate/xtemp
late.sty
Package: xtemplate 2023-08-29 L3 Experimental prototype document functions
\l__xtemplate_tmp_dim=\dimen176
\l__xtemplate_tmp_int=\count315
\l__xtemplate_tmp_muskip=\muskip18
\l__xtemplate_tmp_skip=\skip83
)
Package: xfrac 2023-08-29 L3 Experimental split-level fractions
\l__xfrac_slash_box=\box67
\l__xfrac_tmp_box=\box68
\l__xfrac_denominator_bot_sep_dim=\dimen177
\l__xfrac_numerator_bot_sep_dim=\dimen178
\l__xfrac_numerator_top_sep_dim=\dimen179
\l__xfrac_slash_left_sep_dim=\dimen180
\l__xfrac_slash_right_sep_dim=\dimen181
\l__xfrac_slash_left_muskip=\muskip19
\l__xfrac_slash_right_muskip=\muskip20

Package xtemplate Info: Declaring object type 'xfrac' taking 3 argument(s) on
(xtemplate)             line 80.

) (/home/abea/.local/texlive/2023/texmf-dist/tex/latex/float/float.sty
Package: float 2001/11/08 v1.3d Float enhancements (AL)
\c@float@type=\count316
\float@exts=\toks26
\float@box=\box69
\@float@everytoks=\toks27
\@floatcapt=\box70
)
Package scrhack Info: loading float hack on input line 79.
 (/home/abea/.local/texlive/2023/texmf-dist/tex/latex/koma-script/float.hak
File: float.hak 2023/07/07 v3.41 KOMA-Script scrhack part (hacking package floa
t)
Package scrhack Info: redefining \newfloat on input line 163.
Package scrhack Info: redefining \listof on input line 163.
Package scrhack Info: undefining \float@addtolists on input line 163.
)
(/home/abea/.local/texlive/2023/texmf-dist/tex/latex/placeins/placeins.sty
Package: placeins 2005/04/18  v 2.2
)
(/home/abea/.local/texlive/2023/texmf-dist/tex/latex/pdflscape/pdflscape.sty
Package: pdflscape 2022-10-27 v0.13 Display of landscape pages in PDF

(/home/abea/.local/texlive/2023/texmf-dist/tex/latex/pdflscape/pdflscape-nometa
data.sty
Package: pdflscape-nometadata 2022-10-28 v0.13 Display of landscape pages in PD
F (HO)

(/home/abea/.local/texlive/2023/texmf-dist/tex/latex/graphics/lscape.sty
Package: lscape 2020/05/28 v3.02 Landscape Pages (DPC)
)
Package scrhack Info: loading lscape hack on input line 77.

(/home/abea/.local/texlive/2023/texmf-dist/tex/latex/koma-script/lscape.hak
File: lscape.hak 2023/07/07 v3.41 KOMA-Script scrhack part (hacking package lsc
ape)
Package scrhack Info: \landscape patched to make \textheight change optional on
 input line 90.
\scrh@LT@textheight=\skip84
)
Package pdflscape Info: Auto-detected driver: pdftex on input line 81.
))
(/home/abea/.local/texlive/2023/texmf-dist/tex/latex/caption/caption.sty
Package: caption 2023/07/31 v3.6n Customizing captions (AR)

(/home/abea/.local/texlive/2023/texmf-dist/tex/latex/caption/caption3.sty
Package: caption3 2023/07/31 v2.4d caption3 kernel (AR)
\caption@tempdima=\dimen182
\captionmargin=\dimen183
\caption@leftmargin=\dimen184
\caption@rightmargin=\dimen185
\caption@width=\dimen186
\caption@indent=\dimen187
\caption@parindent=\dimen188
\caption@hangindent=\dimen189
Package caption Info: KOMA-Script document class detected.

(/home/abea/.local/texlive/2023/texmf-dist/tex/latex/caption/caption-koma.sto
File: caption-koma.sto 2022/12/27 v2.0c Adaption of the caption package to the 
KOMA-Script document classes (AR)
))
\c@caption@flags=\count317
\c@continuedfloat=\count318
Package caption Info: float package is loaded.
Package caption Info: KOMA-Script scrextend package detected.
\caption@addmargin@hsize=\dimen190
\caption@addmargin@linewidth=\dimen191
) (/home/abea/.local/texlive/2023/texmf-dist/tex/latex/caption/subcaption.sty
Package: subcaption 2023/07/28 v1.6b Sub-captions (AR)
Package caption Info: New subtype `subfigure' on input line 238.
\c@subfigure=\count319
Package caption Info: New subtype `subtable' on input line 238.
\c@subtable=\count320
)
(/home/abea/.local/texlive/2023/texmf-dist/tex/latex/tabularray/tabularray.sty
Package: tabularray 2023-03-01 v2023A Typeset tabulars and arrays with LaTeX3
\l__tblr_a_int=\count321
\l__tblr_c_int=\count322
\l__tblr_r_int=\count323
\l__tblr_d_dim=\dimen192
\l__tblr_h_dim=\dimen193
\l__tblr_o_dim=\dimen194
\l__tblr_p_dim=\dimen195
\l__tblr_q_dim=\dimen196
\l__tblr_r_dim=\dimen197
\l__tblr_s_dim=\dimen198
\l__tblr_t_dim=\dimen199
\l__tblr_v_dim=\dimen256
\l__tblr_w_dim=\dimen257
\l__tblr_a_box=\box71
\l__tblr_b_box=\box72
\l__tblr_c_box=\box73
\l__tblr_d_box=\box74
\g__tblr_table_count_int=\count324
\c@rownum=\count325
\c@colnum=\count326
\c@rowcount=\count327
\c@colcount=\count328
\abovesep=\dimen258
\belowsep=\dimen259
\leftsep=\dimen260
\rightsep=\dimen261
\g_tblr_level_int=\count329
\g__tblr_data_row_key_count_int=\count330
\g__tblr_data_column_key_count_int=\count331
\g__tblr_data_cell_key_count_int=\count332
\g__tblr_array_int=\count333
\l__tblr_key_count_int=\count334
\l__tblr_key_quotient_int=\count335
\l__tblr_key_quotient_two_int=\count336
\l__tblr_key_remainder_int=\count337
\g__tblr_data_str_value_count_int=\count338
\rulewidth=\dimen262
\l__tblr_strut_dp_dim=\dimen263
\l__tblr_strut_ht_dim=\dimen264
\g__tblr_cell_wd_dim=\dimen265
\g__tblr_cell_ht_dim=\dimen266
\g__tblr_cell_head_dim=\dimen267
\g__tblr_cell_foot_dim=\dimen268
\l__column_target_dim=\dimen269
\l__tblr_caption_box=\box75
\l__tblr_caption_left_box=\box76
\l__tblr_row_head_box=\box77
\l__tblr_row_foot_box=\box78
\l__tblr_row_head_foot_dim=\dimen270
\tablewidth=\dimen271
\l__tblr_table_firsthead_box=\box79
\l__tblr_table_middlehead_box=\box80
\l__tblr_table_lasthead_box=\box81
\l__tblr_table_firstfoot_box=\box82
\l__tblr_table_middlefoot_box=\box83
\l__tblr_table_lastfoot_box=\box84
\l__tblr_remain_height_dim=\dimen272
\l__tblr_long_from_int=\count339
\l__tblr_long_to_int=\count340
\l__tblr_curr_i_int=\count341
\l__tblr_prev_i_int=\count342
\l__tblr_table_page_int=\count343
\l__tblr_table_head_box=\box85
\l__tblr_table_foot_box=\box86
\l__tblr_table_head_foot_dim=\dimen273
\l__tblr_table_head_body_foot_dim=\dimen274
\l__tblr_table_box=\box87
\l__tblr_table_hlines_box=\box88
\l__tblr_hline_box=\box89
\l__tblr_row_box=\box90
\l__tblr_col_o_wd_dim=\dimen275
\l__tblr_col_b_wd_dim=\dimen276
\l__tblr_hline_leftskip_dim=\dimen277
\l__tblr_hline_rightskip_dim=\dimen278
\l__tblr_row_ht_dim=\dimen279
\l__tblr_row_dp_dim=\dimen280
\l__tblr_row_abovesep_dim=\dimen281
\l__tblr_row_belowsep_dim=\dimen282
\l__tblr_row_vlines_box=\box91
\l__tblr_vline_box=\box92
\l__tblr_cell_box=\box93
\l__row_upper_dim=\dimen283
\l__row_lower_dim=\dimen284
\l__row_vpace_dim=\dimen285
\l__tblr_vline_aboveskip_dim=\dimen286
\l__tblr_vline_belowskip_dim=\dimen287
\l__tblr_cell_wd_dim=\dimen288
\l__tblr_cell_ht_dim=\dimen289
\l__tblr_diag_box=\box94
) (/home/abea/.local/texlive/2023/texmf-dist/tex/latex/booktabs/booktabs.sty
Package: booktabs 2020/01/12 v1.61803398 Publication quality tables
\heavyrulewidth=\dimen290
\lightrulewidth=\dimen291
\cmidrulewidth=\dimen292
\belowrulesep=\dimen293
\belowbottomsep=\dimen294
\aboverulesep=\dimen295
\abovetopsep=\dimen296
\cmidrulesep=\dimen297
\cmidrulekern=\dimen298
\defaultaddspace=\dimen299
\@cmidla=\count344
\@cmidlb=\count345
\@aboverulesep=\dimen300
\@belowrulesep=\dimen301
\@thisruleclass=\count346
\@lastruleclass=\count347
\@thisrulewidth=\dimen302
)
(/home/abea/.local/texlive/2023/texmf-dist/tex/latex/microtype/microtype.sty
Package: microtype 2023/03/13 v3.1a Micro-typographical refinements (RS)
\MT@toks=\toks28
\MT@tempbox=\box95
\MT@count=\count348
LaTeX Info: Redefining \noprotrusionifhmode on input line 1059.
LaTeX Info: Redefining \leftprotrusion on input line 1060.
\MT@prot@toks=\toks29
LaTeX Info: Redefining \rightprotrusion on input line 1078.
LaTeX Info: Redefining \textls on input line 1368.
\MT@outer@kern=\dimen303
LaTeX Info: Redefining \textmicrotypecontext on input line 1988.
\MT@listname@count=\count349

(/home/abea/.local/texlive/2023/texmf-dist/tex/latex/microtype/microtype-luatex
.def
File: microtype-luatex.def 2023/03/13 v3.1a Definitions specific to luatex (RS)

Lua module: microtype 2023/03/13 3.1a microtype module.
Module microtype Info: overwriting function `keepligature' on input line 63
LaTeX Info: Redefining \lsstyle on input line 688.
LaTeX Info: Redefining \lslig on input line 688.
\MT@outer@space=\skip85
)
Package microtype Info: Loading configuration file microtype.cfg.

(/home/abea/.local/texlive/2023/texmf-dist/tex/latex/microtype/microtype.cfg
File: microtype.cfg 2023/03/13 v3.1a microtype main configuration file (RS)
))
(/home/abea/.local/texlive/2023/texmf-dist/tex/latex/biblatex/biblatex.sty
Package: biblatex 2023/03/05 v3.19 programmable bibliographies (PK/MW)

(/home/abea/.local/texlive/2023/texmf-dist/tex/latex/logreq/logreq.sty
Package: logreq 2010/08/04 v1.0 xml request logger
\lrq@indent=\count350

(/home/abea/.local/texlive/2023/texmf-dist/tex/latex/logreq/logreq.def
File: logreq.def 2010/08/04 v1.0 logreq spec v1.0
))
(/home/abea/.local/texlive/2023/texmf-dist/tex/latex/base/ifthen.sty
Package: ifthen 2022/04/13 v1.1d Standard LaTeX ifthen package (DPC)
)
(/home/abea/.local/texlive/2023/texmf-dist/tex/latex/url/url.sty
\Urlmuskip=\muskip21
Package: url 2013/09/16  ver 3.4  Verb mode for urls, etc.
)
\c@tabx@nest=\count351
\c@listtotal=\count352
\c@listcount=\count353
\c@liststart=\count354
\c@liststop=\count355
\c@citecount=\count356
\c@citetotal=\count357
\c@multicitecount=\count358
\c@multicitetotal=\count359
\c@instcount=\count360
\c@maxnames=\count361
\c@minnames=\count362
\c@maxitems=\count363
\c@minitems=\count364
\c@citecounter=\count365
\c@maxcitecounter=\count366
\c@savedcitecounter=\count367
\c@uniquelist=\count368
\c@uniquename=\count369
\c@refsection=\count370
\c@refsegment=\count371
\c@maxextratitle=\count372
\c@maxextratitleyear=\count373
\c@maxextraname=\count374
\c@maxextradate=\count375
\c@maxextraalpha=\count376
\c@abbrvpenalty=\count377
\c@highnamepenalty=\count378
\c@lownamepenalty=\count379
\c@maxparens=\count380
\c@parenlevel=\count381
\blx@tempcnta=\count382
\blx@tempcntb=\count383
\blx@tempcntc=\count384
\c@blx@maxsection=\count385
\blx@maxsegment@0=\count386
\blx@notetype=\count387
\blx@parenlevel@text=\count388
\blx@parenlevel@foot=\count389
\blx@sectionciteorder@0=\count390
\blx@sectionciteorderinternal@0=\count391
\blx@entrysetcounter=\count392
\blx@biblioinstance=\count393
\labelnumberwidth=\skip86
\labelalphawidth=\skip87
\biblabelsep=\skip88
\bibitemsep=\skip89
\bibnamesep=\skip90
\bibinitsep=\skip91
\bibparsep=\skip92
\bibhang=\skip93
\blx@bcfin=\read3
\blx@bcfout=\write3
\blx@langwohyphens=\language91
\c@mincomprange=\count394
\c@maxcomprange=\count395
\c@mincompwidth=\count396
Package biblatex Info: Trying to load biblatex default data model...
Package biblatex Info: ... file 'blx-dm.def' found.

(/home/abea/.local/texlive/2023/texmf-dist/tex/latex/biblatex/blx-dm.def
File: blx-dm.def 2023/03/05 v3.19 biblatex localization (PK/MW)
)
Package biblatex Info: Trying to load biblatex custom data model...
Package biblatex Info: ... file 'biblatex-dm.cfg' not found.
\c@afterword=\count397
\c@savedafterword=\count398
\c@annotator=\count399
\c@savedannotator=\count400
\c@author=\count401
\c@savedauthor=\count402
\c@bookauthor=\count403
\c@savedbookauthor=\count404
\c@commentator=\count405
\c@savedcommentator=\count406
\c@editor=\count407
\c@savededitor=\count408
\c@editora=\count409
\c@savededitora=\count410
\c@editorb=\count411
\c@savededitorb=\count412
\c@editorc=\count413
\c@savededitorc=\count414
\c@foreword=\count415
\c@savedforeword=\count416
\c@holder=\count417
\c@savedholder=\count418
\c@introduction=\count419
\c@savedintroduction=\count420
\c@namea=\count421
\c@savednamea=\count422
\c@nameb=\count423
\c@savednameb=\count424
\c@namec=\count425
\c@savednamec=\count426
\c@translator=\count427
\c@savedtranslator=\count428
\c@shortauthor=\count429
\c@savedshortauthor=\count430
\c@shorteditor=\count431
\c@savedshorteditor=\count432
\c@labelname=\count433
\c@savedlabelname=\count434
\c@institution=\count435
\c@savedinstitution=\count436
\c@lista=\count437
\c@savedlista=\count438
\c@listb=\count439
\c@savedlistb=\count440
\c@listc=\count441
\c@savedlistc=\count442
\c@listd=\count443
\c@savedlistd=\count444
\c@liste=\count445
\c@savedliste=\count446
\c@listf=\count447
\c@savedlistf=\count448
\c@location=\count449
\c@savedlocation=\count450
\c@organization=\count451
\c@savedorganization=\count452
\c@origlocation=\count453
\c@savedoriglocation=\count454
\c@origpublisher=\count455
\c@savedorigpublisher=\count456
\c@publisher=\count457
\c@savedpublisher=\count458
\c@language=\count459
\c@savedlanguage=\count460
\c@origlanguage=\count461
\c@savedoriglanguage=\count462
\c@pageref=\count463
\c@savedpageref=\count464
\shorthandwidth=\skip94
\shortjournalwidth=\skip95
\shortserieswidth=\skip96
\shorttitlewidth=\skip97
\shortauthorwidth=\skip98
\shorteditorwidth=\skip99
\locallabelnumberwidth=\skip100
\locallabelalphawidth=\skip101
\localshorthandwidth=\skip102
\localshortjournalwidth=\skip103
\localshortserieswidth=\skip104
\localshorttitlewidth=\skip105
\localshortauthorwidth=\skip106
\localshorteditorwidth=\skip107
Package biblatex Info: Trying to load enhanced support for Unicode engines...
Package biblatex Info: ... file 'blx-unicode.def' found.

(/home/abea/.local/texlive/2023/texmf-dist/tex/latex/biblatex/blx-unicode.def)
Package biblatex Info: Trying to load compatibility code...
Package biblatex Info: ... file 'blx-compat.def' found.

(/home/abea/.local/texlive/2023/texmf-dist/tex/latex/biblatex/blx-compat.def
File: blx-compat.def 2023/03/05 v3.19 biblatex compatibility (PK/MW)
)
Package biblatex Info: Trying to load generic definitions...
Package biblatex Info: ... file 'biblatex.def' found.

(/home/abea/.local/texlive/2023/texmf-dist/tex/latex/biblatex/biblatex.def
File: biblatex.def 2023/03/05 v3.19 biblatex compatibility (PK/MW)
\c@textcitecount=\count465
\c@textcitetotal=\count466
\c@textcitemaxnames=\count467
\c@biburlbigbreakpenalty=\count468
\c@biburlbreakpenalty=\count469
\c@biburlnumpenalty=\count470
\c@biburlucpenalty=\count471
\c@biburllcpenalty=\count472
\biburlbigskip=\muskip22
\biburlnumskip=\muskip23
\biburlucskip=\muskip24
\biburllcskip=\muskip25
\c@smartand=\count473
)
Package biblatex Info: Trying to load bibliography style 'numeric'...
Package biblatex Info: ... file 'numeric.bbx' found.

(/home/abea/.local/texlive/2023/texmf-dist/tex/latex/biblatex/bbx/numeric.bbx
File: numeric.bbx 2023/03/05 v3.19 biblatex bibliography style (PK/MW)
Package biblatex Info: Trying to load bibliography style 'standard'...
Package biblatex Info: ... file 'standard.bbx' found.

(/home/abea/.local/texlive/2023/texmf-dist/tex/latex/biblatex/bbx/standard.bbx
File: standard.bbx 2023/03/05 v3.19 biblatex bibliography style (PK/MW)
\c@bbx:relatedcount=\count474
\c@bbx:relatedtotal=\count475
))
Package biblatex Info: Trying to load citation style 'numeric'...
Package biblatex Info: ... file 'numeric.cbx' found.
 (/home/abea/.local/texlive/2023/texmf-dist/tex/latex/biblatex/cbx/numeric.cbx
File: numeric.cbx 2023/03/05 v3.19 biblatex citation style (PK/MW)
Package biblatex Info: Redefining '\cite'.
Package biblatex Info: Redefining '\parencite'.
Package biblatex Info: Redefining '\footcite'.
Package biblatex Info: Redefining '\footcitetext'.
Package biblatex Info: Redefining '\smartcite'.
Package biblatex Info: Redefining '\supercite'.
Package biblatex Info: Redefining '\textcite'.
Package biblatex Info: Redefining '\textcites'.
Package biblatex Info: Redefining '\cites'.
Package biblatex Info: Redefining '\parencites'.
Package biblatex Info: Redefining '\smartcites'.
)
Package biblatex Info: Trying to load configuration file...
Package biblatex Info: ... file 'biblatex.cfg' found.
 (/home/abea/.local/texlive/2023/texmf-dist/tex/latex/biblatex/biblatex.cfg
File: biblatex.cfg 
)
Package biblatex Info: LuaTeX detected.
(biblatex)             Assuming input encoding 'utf8'.
Package biblatex Info: Document encoding is UTF8 ....
Package biblatex Info: ... and expl3
(biblatex)             2023-08-29 L3 programming layer (loader) 
(biblatex)             is new enough (at least 2020/04/06),
(biblatex)             setting 'casechanger=expl3'.

(/home/abea/.local/texlive/2023/texmf-dist/tex/latex/biblatex/blx-case-expl3.st
y
Package: blx-case-expl3 2023/03/05 v3.19 expl3 case changing code for biblatex
))
Package scrhack Info: hyperref hack deactivated because of
(scrhack)             detection of KOMA-Script class, that doesn't
(scrhack)             need that hack, on input line 127.
 (/home/abea/.local/texlive/2023/texmf-dist/tex/latex/hyperref/hyperref.sty
Package: hyperref 2023-07-08 v7.01b Hypertext links for LaTeX

(/home/abea/.local/texlive/2023/texmf-dist/tex/generic/kvdefinekeys/kvdefinekey
s.sty
Package: kvdefinekeys 2019-12-19 v1.6 Define keys (HO)
)
(/home/abea/.local/texlive/2023/texmf-dist/tex/generic/pdfescape/pdfescape.sty
Package: pdfescape 2019/12/09 v1.15 Implements pdfTeX's escape features (HO)
) (/home/abea/.local/texlive/2023/texmf-dist/tex/latex/hycolor/hycolor.sty
Package: hycolor 2020-01-27 v1.10 Color options for hyperref/bookmark (HO)
)
(/home/abea/.local/texlive/2023/texmf-dist/tex/latex/letltxmacro/letltxmacro.st
y
Package: letltxmacro 2019/12/03 v1.6 Let assignment for LaTeX macros (HO)
) (/home/abea/.local/texlive/2023/texmf-dist/tex/latex/auxhook/auxhook.sty
Package: auxhook 2019-12-17 v1.6 Hooks for auxiliary files (HO)
)
(/home/abea/.local/texlive/2023/texmf-dist/tex/latex/hyperref/nameref.sty
Package: nameref 2023-08-07 v2.53 Cross-referencing by name of section

(/home/abea/.local/texlive/2023/texmf-dist/tex/latex/refcount/refcount.sty
Package: refcount 2019/12/15 v3.6 Data extraction from label references (HO)
)
(/home/abea/.local/texlive/2023/texmf-dist/tex/generic/gettitlestring/gettitles
tring.sty
Package: gettitlestring 2019/12/15 v1.6 Cleanup title references (HO)
)
\c@section@level=\count476
)
\@linkdim=\dimen304
\Hy@linkcounter=\count477
\Hy@pagecounter=\count478

(/home/abea/.local/texlive/2023/texmf-dist/tex/latex/hyperref/pd1enc.def
File: pd1enc.def 2023-07-08 v7.01b Hyperref: PDFDocEncoding definition (HO)
)
(/home/abea/.local/texlive/2023/texmf-dist/tex/generic/intcalc/intcalc.sty
Package: intcalc 2019/12/15 v1.3 Expandable calculations with integers (HO)
)
\Hy@SavedSpaceFactor=\count479

(/home/abea/.local/texlive/2023/texmf-dist/tex/latex/hyperref/puenc.def
File: puenc.def 2023-07-08 v7.01b Hyperref: PDF Unicode definition (HO)
)
Package hyperref Info: Option `unicode' set `true' on input line 4050.
Package hyperref Info: Option `pdfusetitle' set `true' on input line 4050.
Package hyperref Info: Hyper figures OFF on input line 4167.
Package hyperref Info: Link nesting OFF on input line 4172.
Package hyperref Info: Hyper index ON on input line 4175.
Package hyperref Info: Plain pages OFF on input line 4182.
Package hyperref Info: Backreferencing OFF on input line 4187.
Package hyperref Info: Implicit mode ON; LaTeX internals redefined.
Package hyperref Info: Bookmarks ON on input line 4434.
\c@Hy@tempcnt=\count480
LaTeX Info: Redefining \url on input line 4772.
\XeTeXLinkMargin=\dimen305

(/home/abea/.local/texlive/2023/texmf-dist/tex/generic/bitset/bitset.sty
Package: bitset 2019/12/09 v1.3 Handle bit-vector datatype (HO)
)
\Fld@menulength=\count481
\Field@Width=\dimen306
\Fld@charsize=\dimen307
Package hyperref Info: Hyper figures OFF on input line 6051.
Package hyperref Info: Link nesting OFF on input line 6056.
Package hyperref Info: Hyper index ON on input line 6059.
Package hyperref Info: backreferencing OFF on input line 6066.
Package hyperref Info: Link coloring OFF on input line 6071.
Package hyperref Info: Link coloring with OCG OFF on input line 6076.
Package hyperref Info: PDF/A mode OFF on input line 6081.

(/home/abea/.local/texlive/2023/texmf-dist/tex/latex/base/atbegshi-ltx.sty
Package: atbegshi-ltx 2021/01/10 v1.0c Emulation of the original atbegshi
package with kernel methods
)
\Hy@abspage=\count482
\c@Item=\count483
\c@Hfootnote=\count484
)
Package hyperref Info: Driver (autodetected): hluatex.

(/home/abea/.local/texlive/2023/texmf-dist/tex/latex/hyperref/hluatex.def
File: hluatex.def 2023-07-08 v7.01b Hyperref driver for luaTeX

(/home/abea/.local/texlive/2023/texmf-dist/tex/generic/stringenc/stringenc.sty
Package: stringenc 2019/11/29 v1.12 Convert strings between diff. encodings (HO
)
)
\Fld@listcount=\count485
\c@bookmark@seq@number=\count486
\Hy@SectionHShift=\skip108
) (/home/abea/.local/texlive/2023/texmf-dist/tex/latex/bookmark/bookmark.sty
Package: bookmark 2020-11-06 v1.29 PDF bookmarks (HO)

(/home/abea/.local/texlive/2023/texmf-dist/tex/latex/bookmark/bkm-pdftex.def
File: bkm-pdftex.def 2020-11-06 v1.29 bookmark driver for pdfTeX (HO)
\BKM@id=\count487
))
(/home/abea/.local/texlive/2023/texmf-dist/tex/latex/ncctools/extdash.sty
Package: extdash 2018/06/24 v1.3 Extended Dash Package (NCC)
))
Package csquotes Info: Checking for multilingual support...
Package csquotes Info: ... found 'babel' package.

(./V105.aux)
\openout1 = V105.aux

LaTeX Font Info:    Checking defaults for OML/cmm/m/it on input line 11.
LaTeX Font Info:    ... okay on input line 11.
LaTeX Font Info:    Checking defaults for OMS/cmsy/m/n on input line 11.
LaTeX Font Info:    ... okay on input line 11.
LaTeX Font Info:    Checking defaults for OT1/cmr/m/n on input line 11.
LaTeX Font Info:    ... okay on input line 11.
LaTeX Font Info:    Checking defaults for T1/cmr/m/n on input line 11.
LaTeX Font Info:    ... okay on input line 11.
LaTeX Font Info:    Checking defaults for TS1/cmr/m/n on input line 11.
LaTeX Font Info:    ... okay on input line 11.
LaTeX Font Info:    Checking defaults for TU/lmr/m/n on input line 11.
LaTeX Font Info:    ... okay on input line 11.
LaTeX Font Info:    Checking defaults for OMX/cmex/m/n on input line 11.
LaTeX Font Info:    ... okay on input line 11.
LaTeX Font Info:    Checking defaults for U/cmr/m/n on input line 11.
LaTeX Font Info:    ... okay on input line 11.
LaTeX Font Info:    Checking defaults for PD1/pdf/m/n on input line 11.
LaTeX Font Info:    ... okay on input line 11.
LaTeX Font Info:    Checking defaults for PU/pdf/m/n on input line 11.
LaTeX Font Info:    ... okay on input line 11.
LaTeX Font Info:    Overwriting math alphabet `\mathrm' in version `normal'
(Font)                  TU/LatinModernMath(1)/m/n --> TU/lmr/m/n on input line 
11.
LaTeX Font Info:    Overwriting math alphabet `\mathit' in version `normal'
(Font)                  OT1/cmr/m/it --> TU/lmr/m/it on input line 11.
LaTeX Font Info:    Overwriting math alphabet `\mathbf' in version `normal'
(Font)                  OT1/cmr/bx/n --> TU/lmr/bx/n on input line 11.
LaTeX Font Info:    Overwriting math alphabet `\mathsf' in version `normal'
(Font)                  OT1/cmss/m/n --> TU/lmss/m/n on input line 11.
LaTeX Font Info:    Overwriting math alphabet `\mathsf' in version `bold'
(Font)                  OT1/cmss/bx/n --> TU/lmss/bx/n on input line 11.
LaTeX Font Info:    Overwriting math alphabet `\mathtt' in version `normal'
(Font)                  OT1/cmtt/m/n --> TU/lmtt/m/n on input line 11.
LaTeX Font Info:    Overwriting math alphabet `\mathtt' in version `bold'
(Font)                  OT1/cmtt/m/n --> TU/lmtt/bx/n on input line 11.

(/home/abea/.local/texlive/2023/texmf-dist/tex/latex/graphics/color.sty
Package: color 2022/01/06 v1.3d Standard LaTeX Color (DPC)

(/home/abea/.local/texlive/2023/texmf-dist/tex/latex/graphics-cfg/color.cfg
File: color.cfg 2016/01/02 v1.6 sample color configuration
)
Package color Info: Driver file: luatex.def on input line 149.

(/home/abea/.local/texlive/2023/texmf-dist/tex/latex/graphics/mathcolor.ltx))
(/home/abea/.local/texlive/2023/texmf-dist/tex/latex/translations/translations-
basic-dictionary-german.trsl
File: translations-basic-dictionary-german.trsl (german translation file `trans
lations-basic-dictionary')
)
Package translations Info: loading dictionary `translations-basic-dictionary' f
or `german'. on input line 11.

Package chemgreek Info: Activating mapping `fontspec' on line 11.


(/home/abea/.local/texlive/2023/texmf-dist/tex/context/base/mkii/supp-pdf.mkii
[Loading MPS to PDF converter (version 2006.09.02).]
\scratchcounter=\count488
\scratchdimen=\dimen308
\scratchbox=\box96
\nofMPsegments=\count489
\nofMParguments=\count490
\everyMPshowfont=\toks30
\MPscratchCnt=\count491
\MPscratchDim=\dimen309
\MPnumerator=\count492
\makeMPintoPDFobject=\count493
\everyMPtoPDFconversion=\toks31
)
(/home/abea/.local/texlive/2023/texmf-dist/tex/latex/epstopdf-pkg/epstopdf-base
.sty
Package: epstopdf-base 2020-01-24 v2.11 Base part for package epstopdf
Package epstopdf-base Info: Redefining graphics rule for `.eps' on input line 4
85.

(/home/abea/.local/texlive/2023/texmf-dist/tex/latex/latexconfig/epstopdf-sys.c
fg
File: epstopdf-sys.cfg 2010/07/13 v1.3 Configuration of (r)epstopdf for TeX Liv
e
))
Package caption Info: Begin \AtBeginDocument code.
Package caption Info: hyperref package is loaded.
Package caption Info: End \AtBeginDocument code.
LaTeX Info: Redefining \microtypecontext on input line 11.
Package microtype Info: Applying patch `item' on input line 11.
Package microtype Info: Applying patch `toc' on input line 11.
Package microtype Info: Applying patch `eqnum' on input line 11.
Package microtype Info: Applying patch `footnote' on input line 11.
Package microtype Info: Applying patch `verbatim' on input line 11.
Package microtype Info: Generating PDF output.
Package microtype Info: Character protrusion enabled (level 2).
Package microtype Info: Using default protrusion set `alltext'.
Package microtype Info: Automatic font expansion enabled (level 2),
(microtype)             stretch: 20, shrink: 20, step: 1, non-selected.
Package microtype Info: Using default expansion set `alltext-nott'.
LaTeX Info: Redefining \showhyphens on input line 11.
Package microtype Info: No adjustment of tracking.
Package microtype Info: No adjustment of spacing.
Package microtype Info: No adjustment of kerning.

(/home/abea/.local/texlive/2023/texmf-dist/tex/latex/microtype/mt-LatinModernRo
man.cfg
File: mt-LatinModernRoman.cfg 2021/02/21 v1.1 microtype config. file: Latin Mod
ern Roman (RS)
)
Package biblatex Info: Trying to load language 'ngerman'...
Package biblatex Info: ... file 'ngerman.lbx' found.

(/home/abea/.local/texlive/2023/texmf-dist/tex/latex/biblatex/lbx/ngerman.lbx
File: ngerman.lbx 2023/03/05 v3.19 biblatex localization (PK/MW)
Package biblatex Info: Trying to load language 'german'...
Package biblatex Info: ... file 'german.lbx' found.

(/home/abea/.local/texlive/2023/texmf-dist/tex/latex/biblatex/lbx/german.lbx
File: german.lbx 2023/03/05 v3.19 biblatex localization (PK/MW)
)
Package biblatex Info: Trying to load language 'german'...
Package biblatex Info: ... file 'german.lbx' found.

(/home/abea/.local/texlive/2023/texmf-dist/tex/latex/biblatex/lbx/german.lbx
File: german.lbx 2023/03/05 v3.19 biblatex localization (PK/MW)
))
Package biblatex Info: LuaTeX detected.
(biblatex)             Assuming input encoding 'utf8'.
Package biblatex Info: Automatic encoding selection.
(biblatex)             Assuming data encoding 'utf8'.

\openout3 = V105.bcf
Package biblatex Info: Trying to load bibliographic data...
Package biblatex Info: ... file 'V105.bbl' found.

(./V105.bbl)
Package biblatex Info: Reference section=0 on input line 11.
Package biblatex Info: Reference segment=0 on input line 11.
Package hyperref Info: Link coloring OFF on input line 11.
Package microtype Info: Loading generic protrusion settings for font family
(microtype)             `lmss' (encoding: TU).
(microtype)             For optimal results, create family-specific settings.
(microtype)             See the microtype manual for details.
Package microtype Info: Loading generic protrusion settings for font family
(microtype)             `LatinModernMath' (encoding: TU).
(microtype)             For optimal results, create family-specific settings.
(microtype)             See the microtype manual for details.

(/home/abea/.local/texlive/2023/texmf-dist/tex/latex/microtype/mt-msa.cfg
File: mt-msa.cfg 2006/02/04 v1.1 microtype config. file: AMS symbols (a) (RS)
)
(/home/abea/.local/texlive/2023/texmf-dist/tex/latex/microtype/mt-msb.cfg
File: mt-msb.cfg 2005/06/01 v1.0 microtype config. file: AMS symbols (b) (RS)
)
Package microtype Info: Loading generic protrusion settings for font family
(microtype)             `XITSMath' (encoding: TU).
(microtype)             For optimal results, create family-specific settings.
(microtype)             See the microtype manual for details.

[1

{/home/abea/.local/texlive/2023/texmf-var/fonts/map/pdftex/updmap/pdftex.map}]
Package tocbasic Info: character protrusion at toc deactivated on input line 15
.
 (./V105.toc)
\tf@toc=\write4

\openout4 = V105.toc
 [2

] (./content/theorie.tex
Underfull \hbox (badness 10000) in paragraph at lines 3--7

 []


Underfull \hbox (badness 10000) in paragraph at lines 12--17

 []


Underfull \hbox (badness 10000) in paragraph at lines 22--23

 []


Underfull \hbox (badness 10000) in paragraph at lines 24--25

 []


Underfull \hbox (badness 10000) in paragraph at lines 40--42

 []

[3]

! LaTeX Error: There's no line here to end.

See the LaTeX manual or LaTeX Companion for explanation.
Type  H <return>  for immediate help.
 ...                                              
                                                  
l.49 b
    eschreibt dann die Bewegungsgleichung des Problems. Als Lsung folgt da...
? q
OK, entering \batchmode...

Underfull \hbox (badness 10000) in paragraph at lines 49--50

 []


Underfull \hbox (badness 10000) in paragraph at lines 54--56

 []


Underfull \hbox (badness 10000) in paragraph at lines 59--62

 []

) (./content/durchfuehrung.tex [4]
warning  (file V105Aufbau.pdf) (pdf inclusion): PDF inclusion: found PDF version
 '1.7', but at most version '1.5' allowed
<V105Aufbau.pdf, id=78, 597.50804pt x 421.10072pt>
File: V105Aufbau.pdf Graphic file (type pdf)
<use V105Aufbau.pdf>
Package luatex.def Info: V105Aufbau.pdf  used on input line 21.
(luatex.def)             Requested size: 426.79134pt x 300.78915pt.

Overfull \hbox (8.53578pt too wide) in paragraph at lines 21--22
 [][] 
 []

) (./content/auswertung.tex [5] [6<./V105Aufbau.pdf>]

Package siunitx Info: Option "per-mode = reciprocal" has been deprecated in
(siunitx)             this release.
(siunitx)             
(siunitx)             Use "per-mode = power" as a replacement.

> Step: init table outer spec.
> Step: parse table options.
> Step: split table.
> Step: init table inner spec.
> Step: parse table inner spec.
> Step: execute table commands.
> Step: calculate cell and line sizes.
! Undefined control sequence.
<argument> \centimeter 
            
l.32   \end
         {tblr}
The control sequence at the end of the top line
of your error message was never \def'ed. If you have
misspelled it (e.g., `\hobx'), type `I' and the correct
spelling (e.g., `I\hbox'). Otherwise just continue,
and I'll forget about whatever was undefined.

! Undefined control sequence.
<argument> \centimeter 
            
l.32   \end
         {tblr}
The control sequence at the end of the top line
of your error message was never \def'ed. If you have
misspelled it (e.g., `\hobx'), type `I' and the correct
spelling (e.g., `I\hbox'). Otherwise just continue,
and I'll forget about whatever was undefined.

! Undefined control sequence.
<argument> \centimeter 
            
l.32   \end
         {tblr}
The control sequence at the end of the top line
of your error message was never \def'ed. If you have
misspelled it (e.g., `\hobx'), type `I' and the correct
spelling (e.g., `I\hbox'). Otherwise just continue,
and I'll forget about whatever was undefined.

! Undefined control sequence.
<argument> \centimeter 
            
l.32   \end
         {tblr}
The control sequence at the end of the top line
of your error message was never \def'ed. If you have
misspelled it (e.g., `\hobx'), type `I' and the correct
spelling (e.g., `I\hbox'). Otherwise just continue,
and I'll forget about whatever was undefined.

> Step: build the whole table.
! Undefined control sequence.
<argument> \centimeter 
            
l.32   \end
         {tblr}
The control sequence at the end of the top line
of your error message was never \def'ed. If you have
misspelled it (e.g., `\hobx'), type `I' and the correct
spelling (e.g., `I\hbox'). Otherwise just continue,
and I'll forget about whatever was undefined.

! Undefined control sequence.
<argument> \centimeter 
            
l.32   \end
         {tblr}
The control sequence at the end of the top line
of your error message was never \def'ed. If you have
misspelled it (e.g., `\hobx'), type `I' and the correct
spelling (e.g., `I\hbox'). Otherwise just continue,
and I'll forget about whatever was undefined.

! Undefined control sequence.
<argument> \centimeter 
            
l.32   \end
         {tblr}
The control sequence at the end of the top line
of your error message was never \def'ed. If you have
misspelled it (e.g., `\hobx'), type `I' and the correct
spelling (e.g., `I\hbox'). Otherwise just continue,
and I'll forget about whatever was undefined.

! Undefined control sequence.
<argument> \centimeter 
            
l.32   \end
         {tblr}
The control sequence at the end of the top line
of your error message was never \def'ed. If you have
misspelled it (e.g., `\hobx'), type `I' and the correct
spelling (e.g., `I\hbox'). Otherwise just continue,
and I'll forget about whatever was undefined.

<plot1.pdf, id=102, 462.528pt x 346.896pt>
File: plot1.pdf Graphic file (type pdf)
<use plot1.pdf>
Package luatex.def Info: plot1.pdf  used on input line 39.
(luatex.def)             Requested size: 284.52756pt x 213.40593pt.
 [7]
> Step: init table outer spec.
> Step: parse table options.
> Step: split table.
> Step: init table inner spec.
> Step: parse table inner spec.
> Step: execute table commands.
> Step: calculate cell and line sizes.
> Step: build the whole table.
<plot2.pdf, id=118, 462.528pt x 346.896pt>
File: plot2.pdf Graphic file (type pdf)
<use plot2.pdf>
Package luatex.def Info: plot2.pdf  used on input line 89.
(luatex.def)             Requested size: 284.52756pt x 213.40593pt.

Underfull \hbox (badness 10000) in paragraph at lines 86--94

 []


Underfull \hbox (badness 10000) in paragraph at lines 100--101

 []

 [8<./plot1.pdf>] [9<./plot2.pdf>]
> Step: init table outer spec.
> Step: parse table options.
> Step: split table.
> Step: init table inner spec.
> Step: parse table inner spec.
> Step: execute table commands.
> Step: calculate cell and line sizes.

Overfull \hbox (5.475pt too wide) detected at line 128
$\TU/LatinModernMath(1)/m/n/10.95 15$
 []


Overfull \hbox (5.475pt too wide) detected at line 128
$\TU/LatinModernMath(1)/m/n/10.95 15$
 []


Overfull \hbox (5.475pt too wide) detected at line 128
$\TU/LatinModernMath(1)/m/n/10.95 15$
 []


Overfull \hbox (5.475pt too wide) detected at line 128
$\TU/LatinModernMath(1)/m/n/10.95 15$
 []


Overfull \hbox (5.475pt too wide) detected at line 128
$\TU/LatinModernMath(1)/m/n/10.95 13$
 []


Overfull \hbox (5.475pt too wide) detected at line 128
$\TU/LatinModernMath(1)/m/n/10.95 13$
 []

> Step: build the whole table.

Overfull \hbox (5.475pt too wide) detected at line 128
$\TU/LatinModernMath(1)/m/n/10.95 15$
 []


Overfull \hbox (5.475pt too wide) detected at line 128
$\TU/LatinModernMath(1)/m/n/10.95 15$
 []


Overfull \hbox (5.475pt too wide) detected at line 128
$\TU/LatinModernMath(1)/m/n/10.95 15$
 []


Overfull \hbox (5.475pt too wide) detected at line 128
$\TU/LatinModernMath(1)/m/n/10.95 15$
 []


Overfull \hbox (5.475pt too wide) detected at line 128
$\TU/LatinModernMath(1)/m/n/10.95 13$
 []


Overfull \hbox (5.475pt too wide) detected at line 128
$\TU/LatinModernMath(1)/m/n/10.95 13$
 []

<plot3.pdf, id=200, 462.528pt x 346.896pt>
File: plot3.pdf Graphic file (type pdf)
<use plot3.pdf>
Package luatex.def Info: plot3.pdf  used on input line 134.
(luatex.def)             Requested size: 284.52756pt x 213.40593pt.

Underfull \hbox (badness 10000) in paragraph at lines 145--146

 []


Underfull \hbox (badness 10000) in paragraph at lines 153--154

 []

 [10<./plot3.pdf>]) (./content/diskussion.tex [11]
! You can't use `macro parameter character #' in vertical mode.
l.25 ...section{Vergleich der magnetischen Momente}#
                                                  
Sorry, but I'm not programmed to handle this case;
I'll just pretend that you didn't ask for it.
If you're in the wrong mode, you might be able to
return to the right one by typing `I}' or `I$' or `I\par'.


Underfull \hbox (badness 10000) in paragraph at lines 27--28

 []


! LaTeX Error: There's no line here to end.

See the LaTeX manual or LaTeX Companion for explanation.
Type  H <return>  for immediate help.
 ...                                              
                                                  
l.36 $
    \mu_{\symup{g}}$ ist um den Faktor $1.726$ grer als $\mu_{\symup{o}}$\\

Your command was ignored.
Type  I <command> <return>  to replace it with another command,
or  <return>  to continue without it.


Underfull \hbox (badness 10000) in paragraph at lines 36--39

 []

)
Package microtype Info: Loading generic protrusion settings for font family
(microtype)             `lmtt' (encoding: TU).
(microtype)             For optimal results, create family-specific settings.
(microtype)             See the microtype manual for details.

Overfull \hbox (11.54724pt too wide) in paragraph at lines 23--23
\TU/lmr/m/sc/10.95 url\TU/lmr/m/n/10.95 : []$\TU/lmtt/m/n/10.95 http : / / matpl
otlib . org/$[]\TU/lmr/m/n/10.95 . Cur-rent ver-si-on 3.7.2, \TU/lmr/m/sc/10.95
 doi\TU/lmr/m/n/10.95 : []\TU/lmtt/m/n/10.95 10.5281/zenodo.8118151[]\TU/lmr/m/
n/10.95 . 
 []


warning  (file V105foto1.pdf) (pdf inclusion): PDF inclusion: found PDF version 
'1.7', but at most version '1.5' allowed
<V105foto1.pdf, id=246, 794.97pt x 614.295pt>
File: V105foto1.pdf Graphic file (type pdf)
<use V105foto1.pdf>
Package luatex.def Info: V105foto1.pdf  used on input line 28.
(luatex.def)             Requested size: 426.79134pt x 329.80219pt.

Overfull \hbox (8.53578pt too wide) in paragraph at lines 28--29
 [][] 
 []


warning  (file V105foto2.pdf) (pdf inclusion): PDF inclusion: found PDF version 
'1.7', but at most version '1.5' allowed
<V105foto2.pdf, id=247, 794.97pt x 614.295pt>
File: V105foto2.pdf Graphic file (type pdf)
<use V105foto2.pdf>
Package luatex.def Info: V105foto2.pdf  used on input line 33.
(luatex.def)             Requested size: 426.79134pt x 329.80219pt.

Overfull \hbox (8.53578pt too wide) in paragraph at lines 33--34
 [][] 
 []


warning  (file V105foto3.pdf) (pdf inclusion): PDF inclusion: found PDF version 
'1.7', but at most version '1.5' allowed
<V105foto3.pdf, id=248, 794.97pt x 614.295pt>
File: V105foto3.pdf Graphic file (type pdf)
<use V105foto3.pdf>
Package luatex.def Info: V105foto3.pdf  used on input line 38.
(luatex.def)             Requested size: 426.79134pt x 329.80219pt.

Overfull \hbox (8.53578pt too wide) in paragraph at lines 38--39
 [][] 
 []

 [12] [13<./V105foto1.pdf>] [14<./V105foto2.pdf>] [15<./V105foto3.pdf>] (./V105
.aux)
 ***********
LaTeX2e <2023-06-01> patch level 1
L3 programming layer <2020/03/25>
 ***********

Package rerunfilecheck Warning: File `V105.aux' has changed. Rerun.

Package rerunfilecheck Info: Checksums for `V105.aux':
(rerunfilecheck)             Before: 2D5AD1CDB2F86A28E1FC6B5202CC5751;16143
(rerunfilecheck)             After:  58F3701038965A988739DE5C1AC4EE01;16388.

LaTeX Warning: There were undefined references.

Package rerunfilecheck Info: File `V105.toc' has not changed.
(rerunfilecheck)             Checksum: E55331C48623F4FD89EEB7699132FF9B;1815.

Package biblatex Warning: Please rerun LaTeX.

Package logreq Info: Writing requests to 'V105.run.xml'.

\openout1 = V105.run.xml
)

Here is how much of LuaTeX's memory you used:
 40326 strings out of 477259
 100000,2848258 words of node,token memory allocated
 806 words of node memory still in use:
   8 hlist, 2 vlist, 2 rule, 1 local_par, 7 glue, 4 kern, 1 penalty, 1 margin_ke
rn, 3 glyph, 36 attribute, 78 glue_spec, 20 attribute_list, 1 write, 4 pdf_actio
n nodes
   avail lists: 1:4,2:3719,3:338,4:110,5:430,6:127,7:6595,8:41,9:1756,10:26,11:7
54,12:1
 60911 multiletter control sequences out of 65536+600000
 94 fonts using 36940167 bytes
 113i,12n,115p,10917b,2936s stack positions out of 10000i,1000n,20000p,200000b,200000s
</home/abea/.local/texlive/2023/texmf-dist/fonts/opentype/public/lm/lmmono10-reg
ular.otf></home/abea/.local/texlive/2023/texmf-dist/fonts/opentype/public/lm/lmr
omancaps10-regular.otf></home/abea/.local/texlive/2023/texmf-dist/fonts/opentype
/public/lm/lmroman10-italic.otf></home/abea/.local/texlive/2023/texmf-dist/fonts
/opentype/public/lm/lmroman10-bold.otf></home/abea/.local/texlive/2023/texmf-dis
t/fonts/opentype/public/lm-math/latinmodern-math.otf></home/abea/.local/texlive/
2023/texmf-dist/fonts/opentype/public/lm-math/latinmodern-math.otf></home/abea/.
local/texlive/2023/texmf-dist/fonts/opentype/public/lm-math/latinmodern-math.otf
></home/abea/.local/texlive/2023/texmf-dist/fonts/opentype/public/lm/lmroman10-r
egular.otf></home/abea/.local/texlive/2023/texmf-dist/fonts/opentype/public/lm/l
mroman12-regular.otf></home/abea/.local/texlive/2023/texmf-dist/fonts/opentype/p
ublic/lm/lmsans10-bold.otf></home/abea/.local/texlive/2023/texmf-dist/fonts/open
type/public/lm/lmroman12-bold.otf>
Output written on V105.pdf (15 pages, 4287032 bytes).

PDF statistics: 425 PDF objects out of 1000 (max. 8388607)
 283 compressed objects within 3 object streams
 56 named destinations out of 1000 (max. 131072)
 145 words of extra memory for PDF output out of 10000 (max. 100000000)

